0 info it worked if it ends with ok
1 verbose cli [ 'D:\\nodejs\\node.exe',
1 verbose cli   'D:\\nodejs\\node_modules\\npm\\bin\\npm-cli.js',
1 verbose cli   'run',
1 verbose cli   'serve' ]
2 info using npm@3.10.3
3 info using node@v6.7.0
4 verbose run-script [ 'preserve', 'serve', 'postserve' ]
5 info lifecycle knowledge@1.0.0~preserve: knowledge@1.0.0
6 silly lifecycle knowledge@1.0.0~preserve: no script for preserve, continuing
7 info lifecycle knowledge@1.0.0~serve: knowledge@1.0.0
8 verbose lifecycle knowledge@1.0.0~serve: unsafe-perm in lifecycle true
9 verbose lifecycle knowledge@1.0.0~serve: PATH: D:\nodejs\node_modules\npm\bin\node-gyp-bin;E:\MyProjects\knowledge\node_modules\.bin;D:\nodejs;%CommonProgramFiles%\Microsoft Shared\Windows Live;C:\ProgramData\Oracle\Java\javapath;C:\Program Files (x86)\Intel\iCLS Client\;C:\Program Files\Intel\iCLS Client\;%SystemRoot%\system32;%SystemRoot%;%SystemRoot%\System32\Wbem;%SYSTEMROOT%\System32\WindowsPowerShell\v1.0\;C:\Program Files (x86)\Intel\OpenCL SDK\2.0\bin\x86;C:\Program Files (x86)\Intel\OpenCL SDK\2.0\bin\x64;C:\Program Files\Intel\Intel(R) Management Engine Components\DAL;C:\Program Files\Intel\Intel(R) Management Engine Components\IPT;C:\Program Files (x86)\Intel\Intel(R) Management Engine Components\DAL;C:\Program Files (x86)\Intel\Intel(R) Management Engine Components\IPT;D:\nodejs\;D:\Git\cmd;C:\Android;C:\Windows\System32;C:\Users\maitiantian\AppData\Local\Programs\Python\Python36\Scripts\;C:\Users\maitiantian\AppData\Local\Programs\Python\Python36\;C:\Program Files\Common Files\Microsoft Shared\Windows Live;C:\Program Files\Java\jdk1.8.0_121\bin;C:\Users\maitiantian\AppData\Roaming\npm;D:\Microsoft VS Code\bin
10 verbose lifecycle knowledge@1.0.0~serve: CWD: E:\MyProjects\knowledge
11 silly lifecycle knowledge@1.0.0~serve: Args: [ '/d /s /c', 'gitbook serve ./content' ]
12 silly lifecycle knowledge@1.0.0~serve: Returned: code: 1  signal: null
13 info lifecycle knowledge@1.0.0~serve: Failed to exec serve script
14 verbose stack Error: knowledge@1.0.0 serve: `gitbook serve ./content`
14 verbose stack Exit status 1
14 verbose stack     at EventEmitter.<anonymous> (D:\nodejs\node_modules\npm\lib\utils\lifecycle.js:242:16)
14 verbose stack     at emitTwo (events.js:106:13)
14 verbose stack     at EventEmitter.emit (events.js:191:7)
14 verbose stack     at ChildProcess.<anonymous> (D:\nodejs\node_modules\npm\lib\utils\spawn.js:40:14)
14 verbose stack     at emitTwo (events.js:106:13)
14 verbose stack     at ChildProcess.emit (events.js:191:7)
14 verbose stack     at maybeClose (internal/child_process.js:877:16)
14 verbose stack     at Process.ChildProcess._handle.onexit (internal/child_process.js:226:5)
15 verbose pkgid knowledge@1.0.0
16 verbose cwd E:\MyProjects\knowledge
17 error Windows_NT 6.1.7601
18 error argv "D:\\nodejs\\node.exe" "D:\\nodejs\\node_modules\\npm\\bin\\npm-cli.js" "run" "serve"
19 error node v6.7.0
20 error npm  v3.10.3
21 error code ELIFECYCLE
22 error knowledge@1.0.0 serve: `gitbook serve ./content`
22 error Exit status 1
23 error Failed at the knowledge@1.0.0 serve script 'gitbook serve ./content'.
23 error Make sure you have the latest version of node.js and npm installed.
23 error If you do, this is most likely a problem with the knowledge package,
23 error not with npm itself.
23 error Tell the author that this fails on your system:
23 error     gitbook serve ./content
23 error You can get information on how to open an issue for this project with:
23 error     npm bugs knowledge
23 error Or if that isn't available, you can get their info via:
23 error     npm owner ls knowledge
23 error There is likely additional logging output above.
24 verbose exit [ 1, true ]
